-------------------------------------------------------------------------------
Test set: junit5tests.TestUnitsConvertor
-------------------------------------------------------------------------------
Tests run: 1, Failures: 1, Errors: 0, Skipped: 0, Time elapsed: 0.023 s <<< FAILURE! - in junit5tests.TestUnitsConvertor
test1  Time elapsed: 0.021 s  <<< FAILURE!
org.opentest4j.AssertionFailedError: expected: <39.37008> but was: <calculator.Unit@17207f5b>
	at junit5tests.TestUnitsConvertor.test1(TestUnitsConvertor.java:24)

