<?xml version="1.0" encoding="UTF-8"?>
<testsuite xmlns:xsi="http://www.w3.org/2001/XMLSchema-instance" xsi:noNamespaceSchemaLocation="https://maven.apache.org/surefire/maven-surefire-plugin/xsd/surefire-test-report.xsd" name="junit5tests.TestOperation" time="0.009" tests="4" errors="0" skipped="0" failures="0">
  <properties>
[...]
</properties>
  <testcase name="testCountDepth" classname="junit5tests.TestOperation" time="0.002"/>
  <testcase name="testCountNbs" classname="junit5tests.TestOperation" time="0.001"/>
  <testcase name="testCountOps" classname="junit5tests.TestOperation" time="0.001"/>
  <testcase name="testEquals" classname="junit5tests.TestOperation" time="0"/>
</testsuite>